-------------------------------------------------------------------------------
Test set: example.springdata.jpa.resultsetmappings.SubscriptionRepositoryIntegrationTests
-------------------------------------------------------------------------------
Tests run: 1, Failures: 0, Errors: 1, Skipped: 0, Time elapsed: 0.008 s <<< FAILURE! - in example.springdata.jpa.resultsetmappings.SubscriptionRepositoryIntegrationTests
initializationError  Time elapsed: 0.006 s  <<< ERROR!
java.lang.Exception: No runnable methods

