<?xml version="1.0" encoding="UTF-8"?>
<testsuite xmlns:xsi="http://www.w3.org/2001/XMLSchema-instance" xsi:noNamespaceSchemaLocation="https://maven.apache.org/surefire/maven-surefire-plugin/xsd/surefire-test-report.xsd" name="example.springdata.jpa.resultsetmappings.SubscriptionRepositoryIntegrationTests" time="0.008" tests="1" errors="1" skipped="0" failures="0">
  <properties>
[...]
</properties>
  <testcase name="initializationError" classname="example.springdata.jpa.resultsetmappings.SubscriptionRepositoryIntegrationTests" time="0.006">
    <error message="No runnable methods" type="java.lang.Exception">java.lang.Exception: No runnable methods
</error>
    <system-out><![CDATA[00:26:13.028 [main] DEBUG org.springframework.test.context.junit4.SpringJUnit4ClassRunner - SpringJUnit4ClassRunner constructor called with [class example.springdata.jpa.storedprocedures.UserRepositoryIntegrationTests]
00:26:13.031 [main] DEBUG org.springframework.test.context.BootstrapUtils - Instantiating CacheAwareContextLoaderDelegate from class [org.springframework.test.context.cache.DefaultCacheAwareContextLoaderDelegate]
00:26:13.036 [main] DEBUG org.springframework.test.context.BootstrapUtils - Instantiating BootstrapContext using constructor [public org.springframework.test.context.support.DefaultBootstrapContext(java.lang.Class,org.springframework.test.context.CacheAwareContextLoaderDelegate)]
00:26:13.058 [main] DEBUG org.springframework.test.context.BootstrapUtils - Instantiating TestContextBootstrapper for test class [example.springdata.jpa.storedprocedures.UserRepositoryIntegrationTests] from class [org.springframework.boot.test.context.SpringBootTestContextBootstrapper]
00:26:13.070 [main] INFO org.springframework.boot.test.context.SpringBootTestContextBootstrapper - Neither @ContextConfiguration nor @ContextHierarchy found for test class [example.springdata.jpa.storedprocedures.UserRepositoryIntegrationTests], using SpringBootContextLoader
00:26:13.073 [main] DEBUG org.springframework.test.context.support.AbstractContextLoader - Did not detect default resource location for test class [example.springdata.jpa.storedprocedures.UserRepositoryIntegrationTests]: class path resource [example/springdata/jpa/storedprocedures/UserRepositoryIntegrationTests-context.xml] does not exist
00:26:13.073 [main] DEBUG org.springframework.test.context.support.AbstractContextLoader - Did not detect default resource location for test class [example.springdata.jpa.storedprocedures.UserRepositoryIntegrationTests]: class path resource [example/springdata/jpa/storedprocedures/UserRepositoryIntegrationTestsContext.groovy] does not exist
00:26:13.073 [main] INFO org.springframework.test.context.support.AbstractContextLoader - Could not detect default resource locations for test class [example.springdata.jpa.storedprocedures.UserRepositoryIntegrationTests]: no resource found for suffixes {-context.xml, Context.groovy}.
00:26:13.074 [main] INFO org.springframework.test.context.support.AnnotationConfigContextLoaderUtils - Could not detect default configuration classes for test class [example.springdata.jpa.storedprocedures.UserRepositoryIntegrationTests]: UserRepositoryIntegrationTests does not declare any static, non-private, non-final, nested classes annotated with @Configuration.
00:26:13.101 [main] DEBUG org.springframework.test.context.support.ActiveProfilesUtils - Could not find an 'annotation declaring class' for annotation type [org.springframework.test.context.ActiveProfiles] and class [example.springdata.jpa.storedprocedures.UserRepositoryIntegrationTests]
00:26:13.149 [main] DEBUG org.springframework.context.annotation.ClassPathScanningCandidateComponentProvider - Identified candidate component class: file [E:\Trabajos\Gourav\Homework\Cursos\Spring\spring-data-examples\jpa\jpa21\target\classes\example\springdata\jpa\storedprocedures\StoredProcedureConfiguration.class]
00:26:13.151 [main] INFO org.springframework.boot.test.context.SpringBootTestContextBootstrapper - Found @SpringBootConfiguration example.springdata.jpa.storedprocedures.StoredProcedureConfiguration for test class example.springdata.jpa.storedprocedures.UserRepositoryIntegrationTests
00:26:13.248 [main] DEBUG org.springframework.boot.test.context.SpringBootTestContextBootstrapper - @TestExecutionListeners is not present for class [example.springdata.jpa.storedprocedures.UserRepositoryIntegrationTests]: using defaults.
00:26:13.249 [main] INFO org.springframework.boot.test.context.SpringBootTestContextBootstrapper - Loaded default TestExecutionListener class names from location [META-INF/spring.factories]: [org.springframework.boot.test.mock.mockito.MockitoTestExecutionListener, org.springframework.boot.test.mock.mockito.ResetMocksTestExecutionListener, org.springframework.boot.test.autoconfigure.restdocs.RestDocsTestExecutionListener, org.springframework.boot.test.autoconfigure.web.client.MockRestServiceServerResetTestExecutionListener, org.springframework.boot.test.autoconfigure.web.servlet.MockMvcPrintOnlyOnFailureTestExecutionListener, org.springframework.boot.test.autoconfigure.web.servlet.WebDriverTestExecutionListener, org.springframework.test.context.web.ServletTestExecutionListener, org.springframework.test.context.support.DirtiesContextBeforeModesTestExecutionListener, org.springframework.test.context.support.DependencyInjectionTestExecutionListener, org.springframework.test.context.support.DirtiesContextTestExecutionListener, org.springframework.test.context.transaction.TransactionalTestExecutionListener, org.springframework.test.context.jdbc.SqlScriptsTestExecutionListener, org.springframework.test.context.event.EventPublishingTestExecutionListener]
00:26:13.261 [main] INFO org.springframework.boot.test.context.SpringBootTestContextBootstrapper - Using TestExecutionListeners: [org.springframework.test.context.web.ServletTestExecutionListener@7ef82753, org.springframework.test.context.support.DirtiesContextBeforeModesTestExecutionListener@3b0fe47a, org.springframework.boot.test.mock.mockito.MockitoTestExecutionListener@202b0582, org.springframework.boot.test.autoconfigure.SpringBootDependencyInjectionTestExecutionListener@235ecd9f, org.springframework.test.context.support.DirtiesContextTestExecutionListener@1ca3b418, org.springframework.test.context.transaction.TransactionalTestExecutionListener@58cbafc2, org.springframework.test.context.jdbc.SqlScriptsTestExecutionListener@2034b64c, org.springframework.test.context.event.EventPublishingTestExecutionListener@75d3a5e0, org.springframework.boot.test.mock.mockito.ResetMocksTestExecutionListener@74d1dc36, org.springframework.boot.test.autoconfigure.restdocs.RestDocsTestExecutionListener@7161d8d1, org.springframework.boot.test.autoconfigure.web.client.MockRestServiceServerResetTestExecutionListener@74e28667, org.springframework.boot.test.autoconfigure.web.servlet.MockMvcPrintOnlyOnFailureTestExecutionListener@1cf6d1be, org.springframework.boot.test.autoconfigure.web.servlet.WebDriverTestExecutionListener@663c9e7a]
00:26:13.262 [main] DEBUG org.springframework.test.annotation.ProfileValueUtils - Retrieved @ProfileValueSourceConfiguration [null] for test class [example.springdata.jpa.storedprocedures.UserRepositoryIntegrationTests]
00:26:13.263 [main] DEBUG org.springframework.test.annotation.ProfileValueUtils - Retrieved ProfileValueSource type [class org.springframework.test.annotation.SystemProfileValueSource] for class [example.springdata.jpa.storedprocedures.UserRepositoryIntegrationTests]
00:26:13.269 [main] DEBUG org.springframework.test.context.junit4.SpringJUnit4ClassRunner - SpringJUnit4ClassRunner constructor called with [class example.springdata.jpa.storedprocedures.UserRepositoryIntegrationTests]
00:26:13.270 [main] DEBUG org.springframework.test.context.BootstrapUtils - Instantiating CacheAwareContextLoaderDelegate from class [org.springframework.test.context.cache.DefaultCacheAwareContextLoaderDelegate]
00:26:13.270 [main] DEBUG org.springframework.test.context.BootstrapUtils - Instantiating BootstrapContext using constructor [public org.springframework.test.context.support.DefaultBootstrapContext(java.lang.Class,org.springframework.test.context.CacheAwareContextLoaderDelegate)]
00:26:13.270 [main] DEBUG org.springframework.test.context.BootstrapUtils - Instantiating TestContextBootstrapper for test class [example.springdata.jpa.storedprocedures.UserRepositoryIntegrationTests] from class [org.springframework.boot.test.context.SpringBootTestContextBootstrapper]
00:26:13.270 [main] INFO org.springframework.boot.test.context.SpringBootTestContextBootstrapper - Neither @ContextConfiguration nor @ContextHierarchy found for test class [example.springdata.jpa.storedprocedures.UserRepositoryIntegrationTests], using SpringBootContextLoader
00:26:13.271 [main] DEBUG org.springframework.test.context.support.AbstractContextLoader - Did not detect default resource location for test class [example.springdata.jpa.storedprocedures.UserRepositoryIntegrationTests]: class path resource [example/springdata/jpa/storedprocedures/UserRepositoryIntegrationTests-context.xml] does not exist
00:26:13.271 [main] DEBUG org.springframework.test.context.support.AbstractContextLoader - Did not detect default resource location for test class [example.springdata.jpa.storedprocedures.UserRepositoryIntegrationTests]: class path resource [example/springdata/jpa/storedprocedures/UserRepositoryIntegrationTestsContext.groovy] does not exist
00:26:13.271 [main] INFO org.springframework.test.context.support.AbstractContextLoader - Could not detect default resource locations for test class [example.springdata.jpa.storedprocedures.UserRepositoryIntegrationTests]: no resource found for suffixes {-context.xml, Context.groovy}.
00:26:13.271 [main] INFO org.springframework.test.context.support.AnnotationConfigContextLoaderUtils - Could not detect default configuration classes for test class [example.springdata.jpa.storedprocedures.UserRepositoryIntegrationTests]: UserRepositoryIntegrationTests does not declare any static, non-private, non-final, nested classes annotated with @Configuration.
00:26:13.273 [main] DEBUG org.springframework.test.context.support.ActiveProfilesUtils - Could not find an 'annotation declaring class' for annotation type [org.springframework.test.context.ActiveProfiles] and class [example.springdata.jpa.storedprocedures.UserRepositoryIntegrationTests]
00:26:13.273 [main] INFO org.springframework.boot.test.context.SpringBootTestContextBootstrapper - Found @SpringBootConfiguration example.springdata.jpa.storedprocedures.StoredProcedureConfiguration for test class example.springdata.jpa.storedprocedures.UserRepositoryIntegrationTests
00:26:13.275 [main] DEBUG org.springframework.boot.test.context.SpringBootTestContextBootstrapper - @TestExecutionListeners is not present for class [example.springdata.jpa.storedprocedures.UserRepositoryIntegrationTests]: using defaults.
00:26:13.275 [main] INFO org.springframework.boot.test.context.SpringBootTestContextBootstrapper - Loaded default TestExecutionListener class names from location [META-INF/spring.factories]: [org.springframework.boot.test.mock.mockito.MockitoTestExecutionListener, org.springframework.boot.test.mock.mockito.ResetMocksTestExecutionListener, org.springframework.boot.test.autoconfigure.restdocs.RestDocsTestExecutionListener, org.springframework.boot.test.autoconfigure.web.client.MockRestServiceServerResetTestExecutionListener, org.springframework.boot.test.autoconfigure.web.servlet.MockMvcPrintOnlyOnFailureTestExecutionListener, org.springframework.boot.test.autoconfigure.web.servlet.WebDriverTestExecutionListener, org.springframework.test.context.web.ServletTestExecutionListener, org.springframework.test.context.support.DirtiesContextBeforeModesTestExecutionListener, org.springframework.test.context.support.DependencyInjectionTestExecutionListener, org.springframework.test.context.support.DirtiesContextTestExecutionListener, org.springframework.test.context.transaction.TransactionalTestExecutionListener, org.springframework.test.context.jdbc.SqlScriptsTestExecutionListener, org.springframework.test.context.event.EventPublishingTestExecutionListener]
00:26:13.275 [main] INFO org.springframework.boot.test.context.SpringBootTestContextBootstrapper - Using TestExecutionListeners: [org.springframework.test.context.web.ServletTestExecutionListener@5afa3c9, org.springframework.test.context.support.DirtiesContextBeforeModesTestExecutionListener@72035809, org.springframework.boot.test.mock.mockito.MockitoTestExecutionListener@909217e, org.springframework.boot.test.autoconfigure.SpringBootDependencyInjectionTestExecutionListener@18271936, org.springframework.test.context.support.DirtiesContextTestExecutionListener@606e4010, org.springframework.test.context.transaction.TransactionalTestExecutionListener@8458f04, org.springframework.test.context.jdbc.SqlScriptsTestExecutionListener@48075da3, org.springframework.test.context.event.EventPublishingTestExecutionListener@68c9133c, org.springframework.boot.test.mock.mockito.ResetMocksTestExecutionListener@7a35b0f5, org.springframework.boot.test.autoconfigure.restdocs.RestDocsTestExecutionListener@5e2c3d18, org.springframework.boot.test.autoconfigure.web.client.MockRestServiceServerResetTestExecutionListener@2cb4893b, org.springframework.boot.test.autoconfigure.web.servlet.MockMvcPrintOnlyOnFailureTestExecutionListener@cc43f62, org.springframework.boot.test.autoconfigure.web.servlet.WebDriverTestExecutionListener@5b218417]
00:26:13.276 [main] DEBUG org.springframework.test.annotation.ProfileValueUtils - Retrieved @ProfileValueSourceConfiguration [null] for test class [example.springdata.jpa.storedprocedures.UserRepositoryIntegrationTests]
00:26:13.276 [main] DEBUG org.springframework.test.annotation.ProfileValueUtils - Retrieved ProfileValueSource type [class org.springframework.test.annotation.SystemProfileValueSource] for class [example.springdata.jpa.storedprocedures.UserRepositoryIntegrationTests]
]]></system-out>
  </testcase>
</testsuite>